{"E:\\isthmus\\iContact\\src\\app.ts": {"path":"E:\\isthmus\\iContact\\src\\app.ts","statementMap":{"0":{"start":{"line":1,"column":0},"end":{"line":1,"column":30}},"1":{"start":{"line":2,"column":0},"end":{"line":2,"column":24}},"2":{"start":{"line":3,"column":0},"end":{"line":3,"column":37}},"3":{"start":{"line":4,"column":0},"end":{"line":4,"column":28}},"4":{"start":{"line":6,"column":0},"end":{"line":6,"column":30}},"5":{"start":{"line":8,"column":12},"end":{"line":8,"column":21}},"6":{"start":{"line":10,"column":0},"end":{"line":10,"column":18}},"7":{"start":{"line":11,"column":0},"end":{"line":11,"column":51}},"8":{"start":{"line":12,"column":0},"end":{"line":12,"column":27}},"9":{"start":{"line":13,"column":0},"end":{"line":13,"column":16}},"10":{"start":{"line":14,"column":0},"end":{"line":14,"column":24}},"11":{"start":{"line":16,"column":0},"end":{"line":16,"column":12}},"12":{"start":{"line":18,"column":0},"end":{"line":18,"column":19}}},"fnMap":{},"branchMap":{},"s":{"0":2,"1":2,"2":2,"3":2,"4":2,"5":2,"6":2,"7":2,"8":2,"9":2,"10":2,"11":2,"12":2},"f":{},"b":{}}
,"E:\\isthmus\\iContact\\src\\error.ts": {"path":"E:\\isthmus\\iContact\\src\\error.ts","statementMap":{"0":{"start":{"line":2,"column":0},"end":{"line":2,"column":53}},"1":{"start":{"line":7,"column":8},"end":{"line":7,"column":16}},"2":{"start":{"line":5,"column":4},"end":{"line":5,"column":19}},"3":{"start":{"line":8,"column":8},"end":{"line":8,"column":37}},"4":{"start":{"line":9,"column":8},"end":{"line":9,"column":31}},"5":{"start":{"line":4,"column":0},"end":{"line":4,"column":13}},"6":{"start":{"line":13,"column":13},"end":{"line":22,"column":null}},"7":{"start":{"line":14,"column":36},"end":{"line":14,"column":41}},"8":{"start":{"line":15,"column":19},"end":{"line":15,"column":40}},"9":{"start":{"line":16,"column":4},"end":{"line":21,"column":null}}},"fnMap":{"0":{"name":"(anonymous_0)","decl":{"start":{"line":6,"column":4},"end":{"line":6,"column":17}},"loc":{"start":{"line":6,"column":52},"end":{"line":10,"column":5}}},"1":{"name":"(anonymous_1)","decl":{"start":{"line":13,"column":28},"end":{"line":13,"column":29}},"loc":{"start":{"line":13,"column":87},"end":{"line":22,"column":1}}}},"branchMap":{"0":{"loc":{"start":{"line":20,"column":36},"end":{"line":20,"column":50}},"type":"cond-expr","locations":[{"start":{"line":20,"column":36},"end":{"line":20,"column":50}},{"start":{"line":20,"column":53},"end":{"line":20,"column":57}}]}},"s":{"0":2,"1":2,"2":2,"3":2,"4":2,"5":2,"6":2,"7":2,"8":2,"9":2},"f":{"0":2,"1":2},"b":{"0":[0,2]}}
,"E:\\isthmus\\iContact\\src\\routes.ts": {"path":"E:\\isthmus\\iContact\\src\\routes.ts","statementMap":{"0":{"start":{"line":3,"column":0},"end":{"line":3,"column":64}},"1":{"start":{"line":4,"column":0},"end":{"line":4,"column":60}},"2":{"start":{"line":5,"column":0},"end":{"line":5,"column":60}},"3":{"start":{"line":6,"column":0},"end":{"line":6,"column":66}},"4":{"start":{"line":9,"column":15},"end":{"line":14,"column":1}},"5":{"start":{"line":10,"column":4},"end":{"line":10,"column":45}},"6":{"start":{"line":11,"column":4},"end":{"line":11,"column":41}},"7":{"start":{"line":12,"column":4},"end":{"line":12,"column":41}},"8":{"start":{"line":13,"column":4},"end":{"line":13,"column":47}},"9":{"start":{"line":16,"column":0},"end":{"line":16,"column":22}}},"fnMap":{"0":{"name":"(anonymous_1)","decl":{"start":{"line":9,"column":15},"end":{"line":9,"column":16}},"loc":{"start":{"line":9,"column":37},"end":{"line":14,"column":1}}}},"branchMap":{},"s":{"0":2,"1":2,"2":2,"3":2,"4":2,"5":2,"6":2,"7":2,"8":2,"9":2},"f":{"0":2},"b":{}}
,"E:\\isthmus\\iContact\\src\\controllers\\auth.controller.ts": {"path":"E:\\isthmus\\iContact\\src\\controllers\\auth.controller.ts","statementMap":{"0":{"start":{"line":1,"column":0},"end":{"line":1,"column":52}},"1":{"start":{"line":2,"column":0},"end":{"line":2,"column":30}},"2":{"start":{"line":3,"column":0},"end":{"line":3,"column":31}},"3":{"start":{"line":4,"column":0},"end":{"line":4,"column":28}},"4":{"start":{"line":5,"column":0},"end":{"line":5,"column":34}},"5":{"start":{"line":6,"column":0},"end":{"line":6,"column":54}},"6":{"start":{"line":7,"column":0},"end":{"line":7,"column":80}},"7":{"start":{"line":8,"column":0},"end":{"line":8,"column":57}},"8":{"start":{"line":10,"column":15},"end":{"line":10,"column":23}},"9":{"start":{"line":18,"column":0},"end":{"line":47,"column":4}},"10":{"start":{"line":18,"column":95},"end":{"line":47,"column":3}},"11":{"start":{"line":19,"column":32},"end":{"line":19,"column":40}},"12":{"start":{"line":20,"column":4},"end":{"line":46,"column":null}},"13":{"start":{"line":21,"column":19},"end":{"line":21,"column":48}},"14":{"start":{"line":22,"column":8},"end":{"line":40,"column":null}},"15":{"start":{"line":23,"column":28},"end":{"line":23,"column":73}},"16":{"start":{"line":24,"column":12},"end":{"line":27,"column":null}},"17":{"start":{"line":25,"column":31},"end":{"line":25,"column":75}},"18":{"start":{"line":26,"column":16},"end":{"line":26,"column":47}},"19":{"start":{"line":28,"column":28},"end":{"line":32,"column":14}},"20":{"start":{"line":33,"column":12},"end":{"line":36,"column":null}},"21":{"start":{"line":34,"column":16},"end":{"line":34,"column":39}},"22":{"start":{"line":34,"column":27},"end":{"line":34,"column":39}},"23":{"start":{"line":35,"column":16},"end":{"line":35,"column":46}},"24":{"start":{"line":38,"column":27},"end":{"line":38,"column":64}},"25":{"start":{"line":39,"column":12},"end":{"line":39,"column":43}},"26":{"start":{"line":43,"column":8},"end":{"line":43,"column":27}},"27":{"start":{"line":44,"column":23},"end":{"line":44,"column":60}},"28":{"start":{"line":45,"column":8},"end":{"line":45,"column":39}},"29":{"start":{"line":49,"column":0},"end":{"line":49,"column":22}}},"fnMap":{"0":{"name":"(anonymous_8)","decl":{"start":{"line":18,"column":57},"end":{"line":18,"column":64}},"loc":{"start":{"line":18,"column":95},"end":{"line":47,"column":3}}},"1":{"name":"(anonymous_9)","decl":{"start":{"line":18,"column":95},"end":{"line":18,"column":null}},"loc":{"start":{"line":18,"column":95},"end":{"line":47,"column":1}}},"2":{"name":"(anonymous_10)","decl":{"start":{"line":33,"column":75},"end":{"line":33,"column":76}},"loc":{"start":{"line":33,"column":92},"end":{"line":36,"column":13}}}},"branchMap":{"0":{"loc":{"start":{"line":22,"column":8},"end":{"line":40,"column":null}},"type":"if","locations":[{"start":{"line":22,"column":8},"end":{"line":40,"column":null}},{"start":{"line":22,"column":8},"end":{"line":40,"column":null}}]},"1":{"loc":{"start":{"line":24,"column":12},"end":{"line":27,"column":null}},"type":"if","locations":[{"start":{"line":24,"column":12},"end":{"line":27,"column":null}},{"start":{"line":24,"column":12},"end":{"line":27,"column":null}}]},"2":{"loc":{"start":{"line":34,"column":16},"end":{"line":34,"column":39}},"type":"if","locations":[{"start":{"line":34,"column":16},"end":{"line":34,"column":39}},{"start":{"line":34,"column":16},"end":{"line":34,"column":39}}]}},"s":{"0":2,"1":2,"2":2,"3":2,"4":2,"5":2,"6":2,"7":2,"8":2,"9":2,"10":3,"11":3,"12":3,"13":3,"14":3,"15":2,"16":2,"17":1,"18":1,"19":2,"20":2,"21":2,"22":0,"23":2,"24":1,"25":1,"26":0,"27":0,"28":0,"29":2},"f":{"0":3,"1":3,"2":2},"b":{"0":[2,1],"1":[1,1],"2":[0,2]}}
,"E:\\isthmus\\iContact\\src\\controllers\\contacts.controller.ts": {"path":"E:\\isthmus\\iContact\\src\\controllers\\contacts.controller.ts","statementMap":{"0":{"start":{"line":1,"column":0},"end":{"line":1,"column":52}},"1":{"start":{"line":2,"column":0},"end":{"line":2,"column":54}},"2":{"start":{"line":3,"column":0},"end":{"line":3,"column":57}},"3":{"start":{"line":4,"column":0},"end":{"line":4,"column":70}},"4":{"start":{"line":5,"column":0},"end":{"line":5,"column":68}},"5":{"start":{"line":6,"column":0},"end":{"line":6,"column":50}},"6":{"start":{"line":7,"column":0},"end":{"line":7,"column":41}},"7":{"start":{"line":9,"column":15},"end":{"line":9,"column":23}},"8":{"start":{"line":11,"column":0},"end":{"line":24,"column":3}},"9":{"start":{"line":11,"column":66},"end":{"line":24,"column":2}},"10":{"start":{"line":12,"column":4},"end":{"line":23,"column":null}},"11":{"start":{"line":13,"column":25},"end":{"line":13,"column":82}},"12":{"start":{"line":14,"column":8},"end":{"line":17,"column":null}},"13":{"start":{"line":20,"column":8},"end":{"line":20,"column":27}},"14":{"start":{"line":21,"column":23},"end":{"line":21,"column":60}},"15":{"start":{"line":22,"column":8},"end":{"line":22,"column":39}},"16":{"start":{"line":26,"column":0},"end":{"line":47,"column":3}},"17":{"start":{"line":26,"column":104},"end":{"line":47,"column":2}},"18":{"start":{"line":27,"column":4},"end":{"line":46,"column":null}},"19":{"start":{"line":28,"column":45},"end":{"line":28,"column":53}},"20":{"start":{"line":29,"column":27},"end":{"line":35,"column":10}},"21":{"start":{"line":36,"column":25},"end":{"line":36,"column":48}},"22":{"start":{"line":37,"column":8},"end":{"line":40,"column":11}},"23":{"start":{"line":43,"column":8},"end":{"line":43,"column":27}},"24":{"start":{"line":44,"column":23},"end":{"line":44,"column":60}},"25":{"start":{"line":45,"column":8},"end":{"line":45,"column":39}},"26":{"start":{"line":49,"column":0},"end":{"line":81,"column":3}},"27":{"start":{"line":49,"column":102},"end":{"line":81,"column":2}},"28":{"start":{"line":50,"column":4},"end":{"line":80,"column":null}},"29":{"start":{"line":51,"column":45},"end":{"line":51,"column":53}},"30":{"start":{"line":52,"column":35},"end":{"line":52,"column":37}},"31":{"start":{"line":53,"column":8},"end":{"line":53,"column":43}},"32":{"start":{"line":53,"column":17},"end":{"line":53,"column":43}},"33":{"start":{"line":54,"column":8},"end":{"line":54,"column":46}},"34":{"start":{"line":54,"column":18},"end":{"line":54,"column":46}},"35":{"start":{"line":55,"column":8},"end":{"line":55,"column":46}},"36":{"start":{"line":55,"column":18},"end":{"line":55,"column":46}},"37":{"start":{"line":56,"column":8},"end":{"line":56,"column":43}},"38":{"start":{"line":56,"column":17},"end":{"line":56,"column":43}},"39":{"start":{"line":58,"column":22},"end":{"line":58,"column":58}},"40":{"start":{"line":60,"column":8},"end":{"line":63,"column":null}},"41":{"start":{"line":61,"column":27},"end":{"line":61,"column":69}},"42":{"start":{"line":62,"column":12},"end":{"line":62,"column":43}},"43":{"start":{"line":65,"column":8},"end":{"line":68,"column":null}},"44":{"start":{"line":66,"column":27},"end":{"line":66,"column":66}},"45":{"start":{"line":67,"column":12},"end":{"line":67,"column":43}},"46":{"start":{"line":70,"column":8},"end":{"line":70,"column":104}},"47":{"start":{"line":71,"column":8},"end":{"line":74,"column":11}},"48":{"start":{"line":77,"column":8},"end":{"line":77,"column":27}},"49":{"start":{"line":78,"column":23},"end":{"line":78,"column":60}},"50":{"start":{"line":79,"column":8},"end":{"line":79,"column":39}},"51":{"start":{"line":83,"column":0},"end":{"line":109,"column":3}},"52":{"start":{"line":83,"column":72},"end":{"line":109,"column":2}},"53":{"start":{"line":84,"column":4},"end":{"line":108,"column":null}},"54":{"start":{"line":85,"column":23},"end":{"line":85,"column":33}},"55":{"start":{"line":86,"column":22},"end":{"line":86,"column":48}},"56":{"start":{"line":88,"column":8},"end":{"line":91,"column":null}},"57":{"start":{"line":89,"column":27},"end":{"line":89,"column":69}},"58":{"start":{"line":90,"column":12},"end":{"line":90,"column":43}},"59":{"start":{"line":93,"column":8},"end":{"line":96,"column":null}},"60":{"start":{"line":94,"column":27},"end":{"line":94,"column":66}},"61":{"start":{"line":95,"column":12},"end":{"line":95,"column":43}},"62":{"start":{"line":98,"column":8},"end":{"line":98,"column":44}},"63":{"start":{"line":99,"column":8},"end":{"line":102,"column":11}},"64":{"start":{"line":105,"column":8},"end":{"line":105,"column":27}},"65":{"start":{"line":106,"column":23},"end":{"line":106,"column":60}},"66":{"start":{"line":107,"column":8},"end":{"line":107,"column":39}},"67":{"start":{"line":111,"column":0},"end":{"line":111,"column":22}}},"fnMap":{"0":{"name":"(anonymous_8)","decl":{"start":{"line":11,"column":28},"end":{"line":11,"column":35}},"loc":{"start":{"line":11,"column":66},"end":{"line":24,"column":2}}},"1":{"name":"(anonymous_9)","decl":{"start":{"line":11,"column":66},"end":{"line":11,"column":null}},"loc":{"start":{"line":11,"column":66},"end":{"line":24,"column":1}}},"2":{"name":"(anonymous_10)","decl":{"start":{"line":26,"column":66},"end":{"line":26,"column":73}},"loc":{"start":{"line":26,"column":104},"end":{"line":47,"column":2}}},"3":{"name":"(anonymous_11)","decl":{"start":{"line":26,"column":104},"end":{"line":26,"column":null}},"loc":{"start":{"line":26,"column":104},"end":{"line":47,"column":1}}},"4":{"name":"(anonymous_12)","decl":{"start":{"line":49,"column":64},"end":{"line":49,"column":71}},"loc":{"start":{"line":49,"column":102},"end":{"line":81,"column":2}}},"5":{"name":"(anonymous_13)","decl":{"start":{"line":49,"column":102},"end":{"line":49,"column":null}},"loc":{"start":{"line":49,"column":102},"end":{"line":81,"column":1}}},"6":{"name":"(anonymous_14)","decl":{"start":{"line":83,"column":34},"end":{"line":83,"column":41}},"loc":{"start":{"line":83,"column":72},"end":{"line":109,"column":2}}},"7":{"name":"(anonymous_15)","decl":{"start":{"line":83,"column":72},"end":{"line":83,"column":null}},"loc":{"start":{"line":83,"column":72},"end":{"line":109,"column":1}}}},"branchMap":{"0":{"loc":{"start":{"line":13,"column":59},"end":{"line":13,"column":61}},"type":"cond-expr","locations":[{"start":{"line":13,"column":59},"end":{"line":13,"column":61}},{"start":{"line":13,"column":59},"end":{"line":13,"column":63}}]},"1":{"loc":{"start":{"line":13,"column":49},"end":{"line":13,"column":61}},"type":"binary-expr","locations":[{"start":{"line":13,"column":49},"end":{"line":13,"column":61}},{"start":{"line":13,"column":59},"end":{"line":13,"column":61}}]},"2":{"loc":{"start":{"line":30,"column":26},"end":{"line":30,"column":28}},"type":"cond-expr","locations":[{"start":{"line":30,"column":26},"end":{"line":30,"column":28}},{"start":{"line":30,"column":26},"end":{"line":30,"column":30}}]},"3":{"loc":{"start":{"line":30,"column":16},"end":{"line":30,"column":28}},"type":"binary-expr","locations":[{"start":{"line":30,"column":16},"end":{"line":30,"column":28}},{"start":{"line":30,"column":26},"end":{"line":30,"column":28}}]},"4":{"loc":{"start":{"line":53,"column":8},"end":{"line":53,"column":43}},"type":"if","locations":[{"start":{"line":53,"column":8},"end":{"line":53,"column":43}},{"start":{"line":53,"column":8},"end":{"line":53,"column":43}}]},"5":{"loc":{"start":{"line":54,"column":8},"end":{"line":54,"column":46}},"type":"if","locations":[{"start":{"line":54,"column":8},"end":{"line":54,"column":46}},{"start":{"line":54,"column":8},"end":{"line":54,"column":46}}]},"6":{"loc":{"start":{"line":55,"column":8},"end":{"line":55,"column":46}},"type":"if","locations":[{"start":{"line":55,"column":8},"end":{"line":55,"column":46}},{"start":{"line":55,"column":8},"end":{"line":55,"column":46}}]},"7":{"loc":{"start":{"line":56,"column":8},"end":{"line":56,"column":43}},"type":"if","locations":[{"start":{"line":56,"column":8},"end":{"line":56,"column":43}},{"start":{"line":56,"column":8},"end":{"line":56,"column":43}}]},"8":{"loc":{"start":{"line":60,"column":8},"end":{"line":63,"column":null}},"type":"if","locations":[{"start":{"line":60,"column":8},"end":{"line":63,"column":null}},{"start":{"line":60,"column":8},"end":{"line":63,"column":null}}]},"9":{"loc":{"start":{"line":65,"column":8},"end":{"line":68,"column":null}},"type":"if","locations":[{"start":{"line":65,"column":8},"end":{"line":68,"column":null}},{"start":{"line":65,"column":8},"end":{"line":68,"column":null}}]},"10":{"loc":{"start":{"line":65,"column":19},"end":{"line":65,"column":21}},"type":"cond-expr","locations":[{"start":{"line":65,"column":19},"end":{"line":65,"column":21}},{"start":{"line":65,"column":12},"end":{"line":65,"column":41}}]},"11":{"loc":{"start":{"line":65,"column":12},"end":{"line":65,"column":21}},"type":"binary-expr","locations":[{"start":{"line":65,"column":12},"end":{"line":65,"column":21}},{"start":{"line":65,"column":12},"end":{"line":65,"column":21}}]},"12":{"loc":{"start":{"line":65,"column":49},"end":{"line":65,"column":51}},"type":"cond-expr","locations":[{"start":{"line":65,"column":49},"end":{"line":65,"column":51}},{"start":{"line":65,"column":49},"end":{"line":65,"column":53}}]},"13":{"loc":{"start":{"line":65,"column":34},"end":{"line":65,"column":51}},"type":"binary-expr","locations":[{"start":{"line":65,"column":34},"end":{"line":65,"column":51}},{"start":{"line":65,"column":49},"end":{"line":65,"column":51}}]},"14":{"loc":{"start":{"line":88,"column":8},"end":{"line":91,"column":null}},"type":"if","locations":[{"start":{"line":88,"column":8},"end":{"line":91,"column":null}},{"start":{"line":88,"column":8},"end":{"line":91,"column":null}}]},"15":{"loc":{"start":{"line":93,"column":8},"end":{"line":96,"column":null}},"type":"if","locations":[{"start":{"line":93,"column":8},"end":{"line":96,"column":null}},{"start":{"line":93,"column":8},"end":{"line":96,"column":null}}]},"16":{"loc":{"start":{"line":93,"column":19},"end":{"line":93,"column":21}},"type":"cond-expr","locations":[{"start":{"line":93,"column":19},"end":{"line":93,"column":21}},{"start":{"line":93,"column":12},"end":{"line":93,"column":41}}]},"17":{"loc":{"start":{"line":93,"column":12},"end":{"line":93,"column":21}},"type":"binary-expr","locations":[{"start":{"line":93,"column":12},"end":{"line":93,"column":21}},{"start":{"line":93,"column":12},"end":{"line":93,"column":21}}]},"18":{"loc":{"start":{"line":93,"column":49},"end":{"line":93,"column":51}},"type":"cond-expr","locations":[{"start":{"line":93,"column":49},"end":{"line":93,"column":51}},{"start":{"line":93,"column":49},"end":{"line":93,"column":53}}]},"19":{"loc":{"start":{"line":93,"column":34},"end":{"line":93,"column":51}},"type":"binary-expr","locations":[{"start":{"line":93,"column":34},"end":{"line":93,"column":51}},{"start":{"line":93,"column":49},"end":{"line":93,"column":51}}]}},"s":{"0":2,"1":2,"2":2,"3":2,"4":2,"5":2,"6":2,"7":2,"8":2,"9":0,"10":0,"11":0,"12":0,"13":0,"14":0,"15":0,"16":2,"17":0,"18":0,"19":0,"20":0,"21":0,"22":0,"23":0,"24":0,"25":0,"26":2,"27":0,"28":0,"29":0,"30":0,"31":0,"32":0,"33":0,"34":0,"35":0,"36":0,"37":0,"38":0,"39":0,"40":0,"41":0,"42":0,"43":0,"44":0,"45":0,"46":0,"47":0,"48":0,"49":0,"50":0,"51":2,"52":0,"53":0,"54":0,"55":0,"56":0,"57":0,"58":0,"59":0,"60":0,"61":0,"62":0,"63":0,"64":0,"65":0,"66":0,"67":2},"f":{"0":0,"1":0,"2":0,"3":0,"4":0,"5":0,"6":0,"7":0},"b":{"0":[0,0],"1":[0,0],"2":[0,0],"3":[0,0],"4":[0,0],"5":[0,0],"6":[0,0],"7":[0,0],"8":[0,0],"9":[0,0],"10":[0,0],"11":[0,0],"12":[0,0],"13":[0,0],"14":[0,0],"15":[0,0],"16":[0,0],"17":[0,0],"18":[0,0],"19":[0,0]}}
,"E:\\isthmus\\iContact\\src\\controllers\\health.controller.ts": {"path":"E:\\isthmus\\iContact\\src\\controllers\\health.controller.ts","statementMap":{"0":{"start":{"line":1,"column":0},"end":{"line":1,"column":53}},"1":{"start":{"line":2,"column":0},"end":{"line":2,"column":28}},"2":{"start":{"line":4,"column":13},"end":{"line":4,"column":31}},"3":{"start":{"line":6,"column":15},"end":{"line":6,"column":31}},"4":{"start":{"line":8,"column":0},"end":{"line":14,"column":3}},"5":{"start":{"line":9,"column":4},"end":{"line":13,"column":7}},"6":{"start":{"line":16,"column":0},"end":{"line":16,"column":22}}},"fnMap":{"0":{"name":"(anonymous_1)","decl":{"start":{"line":8,"column":16},"end":{"line":8,"column":17}},"loc":{"start":{"line":8,"column":48},"end":{"line":14,"column":1}}}},"branchMap":{},"s":{"0":2,"1":2,"2":2,"3":2,"4":2,"5":1,"6":2},"f":{"0":1},"b":{}}
,"E:\\isthmus\\iContact\\src\\controllers\\user.controller.ts": {"path":"E:\\isthmus\\iContact\\src\\controllers\\user.controller.ts","statementMap":{"0":{"start":{"line":1,"column":0},"end":{"line":1,"column":52}},"1":{"start":{"line":2,"column":0},"end":{"line":2,"column":31}},"2":{"start":{"line":3,"column":0},"end":{"line":3,"column":28}},"3":{"start":{"line":4,"column":0},"end":{"line":4,"column":30}},"4":{"start":{"line":5,"column":0},"end":{"line":5,"column":34}},"5":{"start":{"line":6,"column":0},"end":{"line":6,"column":54}},"6":{"start":{"line":7,"column":0},"end":{"line":7,"column":80}},"7":{"start":{"line":8,"column":0},"end":{"line":8,"column":57}},"8":{"start":{"line":11,"column":15},"end":{"line":11,"column":23}},"9":{"start":{"line":19,"column":0},"end":{"line":57,"column":null}},"10":{"start":{"line":19,"column":95},"end":{"line":57,"column":2}},"11":{"start":{"line":20,"column":38},"end":{"line":20,"column":46}},"12":{"start":{"line":21,"column":4},"end":{"line":56,"column":null}},"13":{"start":{"line":22,"column":19},"end":{"line":22,"column":50}},"14":{"start":{"line":23,"column":8},"end":{"line":26,"column":null}},"15":{"start":{"line":24,"column":27},"end":{"line":24,"column":71}},"16":{"start":{"line":25,"column":12},"end":{"line":25,"column":43}},"17":{"start":{"line":27,"column":8},"end":{"line":31,"column":11}},"18":{"start":{"line":32,"column":21},"end":{"line":32,"column":45}},"19":{"start":{"line":33,"column":8},"end":{"line":33,"column":58}},"20":{"start":{"line":35,"column":8},"end":{"line":35,"column":26}},"21":{"start":{"line":37,"column":24},"end":{"line":41,"column":10}},"22":{"start":{"line":43,"column":8},"end":{"line":49,"column":11}},"23":{"start":{"line":44,"column":12},"end":{"line":44,"column":35}},"24":{"start":{"line":44,"column":23},"end":{"line":44,"column":35}},"25":{"start":{"line":45,"column":12},"end":{"line":48,"column":15}},"26":{"start":{"line":53,"column":8},"end":{"line":53,"column":27}},"27":{"start":{"line":54,"column":23},"end":{"line":54,"column":60}},"28":{"start":{"line":55,"column":8},"end":{"line":55,"column":39}},"29":{"start":{"line":59,"column":0},"end":{"line":59,"column":22}}},"fnMap":{"0":{"name":"(anonymous_8)","decl":{"start":{"line":19,"column":57},"end":{"line":19,"column":64}},"loc":{"start":{"line":19,"column":95},"end":{"line":57,"column":2}}},"1":{"name":"(anonymous_9)","decl":{"start":{"line":19,"column":95},"end":{"line":19,"column":null}},"loc":{"start":{"line":19,"column":95},"end":{"line":57,"column":1}}},"2":{"name":"(anonymous_10)","decl":{"start":{"line":43,"column":72},"end":{"line":43,"column":73}},"loc":{"start":{"line":43,"column":89},"end":{"line":49,"column":9}}}},"branchMap":{"0":{"loc":{"start":{"line":23,"column":8},"end":{"line":26,"column":null}},"type":"if","locations":[{"start":{"line":23,"column":8},"end":{"line":26,"column":null}},{"start":{"line":23,"column":8},"end":{"line":26,"column":null}}]},"1":{"loc":{"start":{"line":44,"column":12},"end":{"line":44,"column":35}},"type":"if","locations":[{"start":{"line":44,"column":12},"end":{"line":44,"column":35}},{"start":{"line":44,"column":12},"end":{"line":44,"column":35}}]}},"s":{"0":2,"1":2,"2":2,"3":2,"4":2,"5":2,"6":2,"7":2,"8":2,"9":2,"10":1,"11":1,"12":1,"13":1,"14":1,"15":0,"16":0,"17":1,"18":1,"19":1,"20":1,"21":1,"22":1,"23":1,"24":0,"25":1,"26":0,"27":0,"28":0,"29":2},"f":{"0":1,"1":1,"2":1},"b":{"0":[0,1],"1":[0,1]}}
,"E:\\isthmus\\iContact\\src\\middlewares\\validator.ts": {"path":"E:\\isthmus\\iContact\\src\\middlewares\\validator.ts","statementMap":{"0":{"start":{"line":1,"column":0},"end":{"line":1,"column":56}},"1":{"start":{"line":2,"column":0},"end":{"line":2,"column":53}},"2":{"start":{"line":5,"column":26},"end":{"line":12,"column":1}},"3":{"start":{"line":6,"column":19},"end":{"line":6,"column":40}},"4":{"start":{"line":7,"column":4},"end":{"line":9,"column":null}},"5":{"start":{"line":8,"column":8},"end":{"line":8,"column":22}},"6":{"start":{"line":10,"column":16},"end":{"line":10,"column":54}},"7":{"start":{"line":11,"column":4},"end":{"line":11,"column":32}},"8":{"start":{"line":14,"column":0},"end":{"line":14,"column":33}}},"fnMap":{"0":{"name":"(anonymous_0)","decl":{"start":{"line":5,"column":26},"end":{"line":5,"column":27}},"loc":{"start":{"line":5,"column":84},"end":{"line":12,"column":1}}}},"branchMap":{"0":{"loc":{"start":{"line":7,"column":4},"end":{"line":9,"column":null}},"type":"if","locations":[{"start":{"line":7,"column":4},"end":{"line":9,"column":null}},{"start":{"line":7,"column":4},"end":{"line":9,"column":null}}]}},"s":{"0":2,"1":2,"2":2,"3":4,"4":4,"5":4,"6":0,"7":0,"8":2},"f":{"0":4},"b":{"0":[4,0]}}
,"E:\\isthmus\\iContact\\src\\middlewares\\auth\\auth.ts": {"path":"E:\\isthmus\\iContact\\src\\middlewares\\auth\\auth.ts","statementMap":{"0":{"start":{"line":2,"column":0},"end":{"line":2,"column":57}},"1":{"start":{"line":3,"column":0},"end":{"line":3,"column":31}},"2":{"start":{"line":4,"column":0},"end":{"line":4,"column":28}},"3":{"start":{"line":6,"column":19},"end":{"line":23,"column":1}},"4":{"start":{"line":7,"column":18},"end":{"line":7,"column":44}},"5":{"start":{"line":8,"column":4},"end":{"line":12,"column":null}},"6":{"start":{"line":9,"column":23},"end":{"line":9,"column":69}},"7":{"start":{"line":10,"column":8},"end":{"line":10,"column":39}},"8":{"start":{"line":11,"column":8},"end":{"line":11,"column":15}},"9":{"start":{"line":13,"column":4},"end":{"line":22,"column":null}},"10":{"start":{"line":14,"column":29},"end":{"line":14,"column":72}},"11":{"start":{"line":15,"column":8},"end":{"line":15,"column":32}},"12":{"start":{"line":18,"column":8},"end":{"line":18,"column":25}},"13":{"start":{"line":19,"column":23},"end":{"line":19,"column":69}},"14":{"start":{"line":20,"column":8},"end":{"line":20,"column":39}},"15":{"start":{"line":21,"column":8},"end":{"line":21,"column":15}},"16":{"start":{"line":25,"column":0},"end":{"line":25,"column":26}}},"fnMap":{"0":{"name":"(anonymous_1)","decl":{"start":{"line":6,"column":19},"end":{"line":6,"column":20}},"loc":{"start":{"line":6,"column":71},"end":{"line":23,"column":1}}}},"branchMap":{"0":{"loc":{"start":{"line":8,"column":4},"end":{"line":12,"column":null}},"type":"if","locations":[{"start":{"line":8,"column":4},"end":{"line":12,"column":null}},{"start":{"line":8,"column":4},"end":{"line":12,"column":null}}]}},"s":{"0":2,"1":2,"2":2,"3":2,"4":0,"5":0,"6":0,"7":0,"8":0,"9":0,"10":0,"11":0,"12":0,"13":0,"14":0,"15":0,"16":2},"f":{"0":0},"b":{"0":[0,0]}}
,"E:\\isthmus\\iContact\\src\\middlewares\\validators\\auth\\auth.validator.ts": {"path":"E:\\isthmus\\iContact\\src\\middlewares\\validators\\auth\\auth.validator.ts","statementMap":{"0":{"start":{"line":1,"column":0},"end":{"line":1,"column":41}},"1":{"start":{"line":3,"column":20},"end":{"line":8,"column":2}},"2":{"start":{"line":10,"column":0},"end":{"line":10,"column":27}}},"fnMap":{},"branchMap":{},"s":{"0":2,"1":2,"2":2},"f":{},"b":{}}
,"E:\\isthmus\\iContact\\src\\middlewares\\validators\\contact\\post.ts": {"path":"E:\\isthmus\\iContact\\src\\middlewares\\validators\\contact\\post.ts","statementMap":{"0":{"start":{"line":1,"column":0},"end":{"line":1,"column":41}},"1":{"start":{"line":3,"column":20},"end":{"line":8,"column":2}},"2":{"start":{"line":10,"column":0},"end":{"line":10,"column":27}}},"fnMap":{},"branchMap":{},"s":{"0":2,"1":2,"2":2},"f":{},"b":{}}
,"E:\\isthmus\\iContact\\src\\middlewares\\validators\\contact\\put.ts": {"path":"E:\\isthmus\\iContact\\src\\middlewares\\validators\\contact\\put.ts","statementMap":{"0":{"start":{"line":1,"column":0},"end":{"line":1,"column":40}},"1":{"start":{"line":3,"column":20},"end":{"line":5,"column":2}},"2":{"start":{"line":7,"column":0},"end":{"line":7,"column":27}}},"fnMap":{},"branchMap":{},"s":{"0":2,"1":2,"2":2},"f":{},"b":{}}
,"E:\\isthmus\\iContact\\src\\middlewares\\validators\\user\\user.validator.ts": {"path":"E:\\isthmus\\iContact\\src\\middlewares\\validators\\user\\user.validator.ts","statementMap":{"0":{"start":{"line":1,"column":0},"end":{"line":1,"column":41}},"1":{"start":{"line":3,"column":20},"end":{"line":9,"column":2}},"2":{"start":{"line":11,"column":0},"end":{"line":11,"column":27}}},"fnMap":{},"branchMap":{},"s":{"0":2,"1":2,"2":2},"f":{},"b":{}}
,"E:\\isthmus\\iContact\\src\\models\\contacts.ts": {"path":"E:\\isthmus\\iContact\\src\\models\\contacts.ts","statementMap":{"0":{"start":{"line":1,"column":0},"end":{"line":1,"column":51}},"1":{"start":{"line":3,"column":22},"end":{"line":28,"column":2}},"2":{"start":{"line":40,"column":0},"end":{"line":40,"column":64}}},"fnMap":{},"branchMap":{},"s":{"0":2,"1":2,"2":2},"f":{},"b":{}}
,"E:\\isthmus\\iContact\\src\\models\\user.ts": {"path":"E:\\isthmus\\iContact\\src\\models\\user.ts","statementMap":{"0":{"start":{"line":1,"column":0},"end":{"line":1,"column":51}},"1":{"start":{"line":3,"column":19},"end":{"line":21,"column":2}},"2":{"start":{"line":31,"column":0},"end":{"line":31,"column":55}}},"fnMap":{},"branchMap":{},"s":{"0":2,"1":2,"2":2},"f":{},"b":{}}
}
